{"contracts/generator/access/Roles.sol":{"l":{"10":232,"11":232,"15":261,"16":257},"path":"/Volumes/HomeDev/drachma/token-manager-contract/contracts/generator/access/Roles.sol","s":{"1":232,"2":232,"3":261},"b":{"1":[257,4]},"f":{"1":232,"2":261},"fnMap":{"1":{"name":"constructor","line":9,"loc":{"start":{"line":9,"column":2},"end":{"line":12,"column":2}}},"2":{"name":"onlyMinter","line":14,"loc":{"start":{"line":14,"column":2},"end":{"line":17,"column":2}}}},"statementMap":{"1":{"start":{"line":10,"column":4},"end":{"line":10,"column":47}},"2":{"start":{"line":11,"column":4},"end":{"line":11,"column":40}},"3":{"start":{"line":15,"column":4},"end":{"line":15,"column":79}}},"branchMap":{"1":{"line":15,"type":"if","locations":[{"start":{"line":15,"column":4},"end":{"line":15,"column":4}},{"start":{"line":15,"column":4},"end":{"line":15,"column":4}}]}}},"contracts/generator/mocks/ERC1363ReceiverMock.sol":{"l":{"20":40,"21":40,"25":40,"26":32,"27":32},"path":"/Volumes/HomeDev/drachma/token-manager-contract/contracts/generator/mocks/ERC1363ReceiverMock.sol","s":{"1":40,"2":40,"3":40,"4":32,"5":32},"b":{"1":[32,8]},"f":{"1":40,"2":40},"fnMap":{"1":{"name":"constructor","line":19,"loc":{"start":{"line":19,"column":2},"end":{"line":22,"column":2}}},"2":{"name":"onTransferReceived","line":24,"loc":{"start":{"line":24,"column":2},"end":{"line":28,"column":2}}}},"statementMap":{"1":{"start":{"line":20,"column":4},"end":{"line":20,"column":19}},"2":{"start":{"line":21,"column":4},"end":{"line":21,"column":21}},"3":{"start":{"line":25,"column":4},"end":{"line":25,"column":54}},"4":{"start":{"line":26,"column":4},"end":{"line":26,"column":60}},"5":{"start":{"line":27,"column":4},"end":{"line":27,"column":18}}},"branchMap":{"1":{"line":25,"type":"if","locations":[{"start":{"line":25,"column":4},"end":{"line":25,"column":4}},{"start":{"line":25,"column":4},"end":{"line":25,"column":4}}]}}},"contracts/generator/mocks/ERC1363SpenderMock.sol":{"l":{"19":16,"20":16,"24":20,"25":16,"26":16},"path":"/Volumes/HomeDev/drachma/token-manager-contract/contracts/generator/mocks/ERC1363SpenderMock.sol","s":{"1":16,"2":16,"3":20,"4":16,"5":16},"b":{"1":[16,4]},"f":{"1":16,"2":20},"fnMap":{"1":{"name":"constructor","line":18,"loc":{"start":{"line":18,"column":2},"end":{"line":21,"column":2}}},"2":{"name":"onApprovalReceived","line":23,"loc":{"start":{"line":23,"column":2},"end":{"line":27,"column":2}}}},"statementMap":{"1":{"start":{"line":19,"column":4},"end":{"line":19,"column":19}},"2":{"start":{"line":20,"column":4},"end":{"line":20,"column":21}},"3":{"start":{"line":24,"column":4},"end":{"line":24,"column":53}},"4":{"start":{"line":25,"column":4},"end":{"line":25,"column":50}},"5":{"start":{"line":26,"column":4},"end":{"line":26,"column":18}}},"branchMap":{"1":{"line":24,"type":"if","locations":[{"start":{"line":24,"column":4},"end":{"line":24,"column":4}},{"start":{"line":24,"column":4},"end":{"line":24,"column":4}}]}}},"contracts/generator/mocks/ERC20Mock.sol":{"l":{"14":6},"path":"/Volumes/HomeDev/drachma/token-manager-contract/contracts/generator/mocks/ERC20Mock.sol","s":{"1":6},"b":{},"f":{"1":6},"fnMap":{"1":{"name":"constructor","line":13,"loc":{"start":{"line":8,"column":2},"end":{"line":15,"column":2}}}},"statementMap":{"1":{"start":{"line":14,"column":4},"end":{"line":14,"column":40}}},"branchMap":{}},"contracts/generator/mocks/ServicePayerMock.sol":{"l":{},"path":"/Volumes/HomeDev/drachma/token-manager-contract/contracts/generator/mocks/ServicePayerMock.sol","s":{},"b":{},"f":{"1":1},"fnMap":{"1":{"name":"constructor","line":8,"loc":{"start":{"line":8,"column":2},"end":{"line":8,"column":99}}}},"statementMap":{},"branchMap":{}},"contracts/generator/service/ServicePayer.sol":{"l":{"15":677},"path":"/Volumes/HomeDev/drachma/token-manager-contract/contracts/generator/service/ServicePayer.sol","s":{"1":677},"b":{},"f":{"1":677},"fnMap":{"1":{"name":"constructor","line":14,"loc":{"start":{"line":14,"column":3},"end":{"line":16,"column":3}}}},"statementMap":{"1":{"start":{"line":15,"column":5},"end":{"line":15,"column":57}}},"branchMap":{}},"contracts/generator/service/ServiceReceiver.sol":{"l":{"17":687,"19":681,"23":1,"27":638,"31":1,"35":1326},"path":"/Volumes/HomeDev/drachma/token-manager-contract/contracts/generator/service/ServiceReceiver.sol","s":{"1":687,"2":681,"3":1,"4":638,"5":1,"6":1326},"b":{"1":[681,6]},"f":{"1":687,"2":1,"3":638,"4":1,"5":1326},"fnMap":{"1":{"name":"pay","line":16,"loc":{"start":{"line":16,"column":2},"end":{"line":20,"column":2}}},"2":{"name":"getPrice","line":22,"loc":{"start":{"line":22,"column":2},"end":{"line":24,"column":2}}},"3":{"name":"setPrice","line":26,"loc":{"start":{"line":26,"column":2},"end":{"line":28,"column":2}}},"4":{"name":"withdraw","line":30,"loc":{"start":{"line":30,"column":2},"end":{"line":32,"column":2}}},"5":{"name":"_toBytes32","line":34,"loc":{"start":{"line":34,"column":2},"end":{"line":36,"column":2}}}},"statementMap":{"1":{"start":{"line":17,"column":4},"end":{"line":17,"column":93}},"2":{"start":{"line":19,"column":4},"end":{"line":19,"column":43}},"3":{"start":{"line":23,"column":4},"end":{"line":23,"column":43}},"4":{"start":{"line":27,"column":4},"end":{"line":27,"column":44}},"5":{"start":{"line":31,"column":4},"end":{"line":31,"column":36}},"6":{"start":{"line":35,"column":4},"end":{"line":35,"column":45}}},"branchMap":{"1":{"line":17,"type":"if","locations":[{"start":{"line":17,"column":4},"end":{"line":17,"column":4}},{"start":{"line":17,"column":4},"end":{"line":17,"column":4}}]}}},"contracts/generator/token/ERC20/AmazingERC20.sol":{"l":{"27":120,"28":120,"40":129,"49":4},"path":"/Volumes/HomeDev/drachma/token-manager-contract/contracts/generator/token/ERC20/AmazingERC20.sol","s":{"1":120,"2":120,"3":129,"4":4},"b":{},"f":{"1":120,"2":129,"3":4},"fnMap":{"1":{"name":"constructor","line":24,"loc":{"start":{"line":16,"column":2},"end":{"line":29,"column":2}}},"2":{"name":"_mint","line":39,"loc":{"start":{"line":39,"column":2},"end":{"line":41,"column":2}}},"3":{"name":"_finishMinting","line":48,"loc":{"start":{"line":48,"column":2},"end":{"line":50,"column":2}}}},"statementMap":{"1":{"start":{"line":27,"column":4},"end":{"line":27,"column":27}},"2":{"start":{"line":28,"column":4},"end":{"line":28,"column":38}},"3":{"start":{"line":40,"column":4},"end":{"line":40,"column":31}},"4":{"start":{"line":49,"column":4},"end":{"line":49,"column":25}}},"branchMap":{}},"contracts/generator/token/ERC20/behaviours/ERC20Mintable.sol":{"l":{"24":168,"25":148,"32":10,"44":118,"53":30,"60":20,"62":20},"path":"/Volumes/HomeDev/drachma/token-manager-contract/contracts/generator/token/ERC20/behaviours/ERC20Mintable.sol","s":{"1":168,"2":10,"3":118,"4":30,"5":20,"6":20},"b":{"1":[148,20]},"f":{"1":168,"2":10,"3":118,"4":30,"5":20},"fnMap":{"1":{"name":"canMint","line":23,"loc":{"start":{"line":23,"column":2},"end":{"line":26,"column":2}}},"2":{"name":"mintingFinished","line":31,"loc":{"start":{"line":31,"column":2},"end":{"line":33,"column":2}}},"3":{"name":"mint","line":43,"loc":{"start":{"line":43,"column":2},"end":{"line":45,"column":2}}},"4":{"name":"finishMinting","line":52,"loc":{"start":{"line":52,"column":2},"end":{"line":54,"column":2}}},"5":{"name":"_finishMinting","line":59,"loc":{"start":{"line":59,"column":2},"end":{"line":63,"column":2}}}},"statementMap":{"1":{"start":{"line":24,"column":4},"end":{"line":24,"column":67}},"2":{"start":{"line":32,"column":4},"end":{"line":32,"column":27}},"3":{"start":{"line":44,"column":4},"end":{"line":44,"column":25}},"4":{"start":{"line":53,"column":4},"end":{"line":53,"column":19}},"5":{"start":{"line":60,"column":4},"end":{"line":60,"column":26}},"6":{"start":{"line":62,"column":4},"end":{"line":62,"column":23}}},"branchMap":{"1":{"line":24,"type":"if","locations":[{"start":{"line":24,"column":4},"end":{"line":24,"column":4}},{"start":{"line":24,"column":4},"end":{"line":24,"column":4}}]}}},"contracts/generator/token/ERC20/BurnableERC20.sol":{"l":{"24":4,"26":2,"27":2},"path":"/Volumes/HomeDev/drachma/token-manager-contract/contracts/generator/token/ERC20/BurnableERC20.sol","s":{"1":4,"2":2,"3":2},"b":{"1":[2,2]},"f":{"1":4},"fnMap":{"1":{"name":"constructor","line":21,"loc":{"start":{"line":13,"column":2},"end":{"line":28,"column":2}}}},"statementMap":{"1":{"start":{"line":24,"column":4},"end":{"line":24,"column":70}},"2":{"start":{"line":26,"column":4},"end":{"line":26,"column":27}},"3":{"start":{"line":27,"column":4},"end":{"line":27,"column":38}}},"branchMap":{"1":{"line":24,"type":"if","locations":[{"start":{"line":24,"column":4},"end":{"line":24,"column":4}},{"start":{"line":24,"column":4},"end":{"line":24,"column":4}}]}}},"contracts/generator/token/ERC20/CommonERC20.sol":{"l":{"29":80,"30":80,"42":96,"51":4,"58":121},"path":"/Volumes/HomeDev/drachma/token-manager-contract/contracts/generator/token/ERC20/CommonERC20.sol","s":{"1":80,"2":80,"3":96,"4":4,"5":121},"b":{},"f":{"1":80,"2":96,"3":4,"4":121},"fnMap":{"1":{"name":"constructor","line":26,"loc":{"start":{"line":16,"column":2},"end":{"line":31,"column":2}}},"2":{"name":"_mint","line":41,"loc":{"start":{"line":41,"column":2},"end":{"line":43,"column":2}}},"3":{"name":"_finishMinting","line":50,"loc":{"start":{"line":50,"column":2},"end":{"line":52,"column":2}}},"4":{"name":"_beforeTokenTransfer","line":57,"loc":{"start":{"line":57,"column":2},"end":{"line":59,"column":2}}}},"statementMap":{"1":{"start":{"line":29,"column":4},"end":{"line":29,"column":27}},"2":{"start":{"line":30,"column":4},"end":{"line":30,"column":38}},"3":{"start":{"line":42,"column":4},"end":{"line":42,"column":31}},"4":{"start":{"line":51,"column":4},"end":{"line":51,"column":25}},"5":{"start":{"line":58,"column":4},"end":{"line":58,"column":47}}},"branchMap":{}},"contracts/generator/token/ERC20/MintableERC20.sol":{"l":{"28":71,"29":71,"41":129,"50":4,"57":140},"path":"/Volumes/HomeDev/drachma/token-manager-contract/contracts/generator/token/ERC20/MintableERC20.sol","s":{"1":71,"2":71,"3":129,"4":4,"5":140},"b":{},"f":{"1":71,"2":129,"3":4,"4":140},"fnMap":{"1":{"name":"constructor","line":25,"loc":{"start":{"line":15,"column":2},"end":{"line":30,"column":2}}},"2":{"name":"_mint","line":40,"loc":{"start":{"line":40,"column":2},"end":{"line":42,"column":2}}},"3":{"name":"_finishMinting","line":49,"loc":{"start":{"line":49,"column":2},"end":{"line":51,"column":2}}},"4":{"name":"_beforeTokenTransfer","line":56,"loc":{"start":{"line":56,"column":2},"end":{"line":58,"column":2}}}},"statementMap":{"1":{"start":{"line":28,"column":4},"end":{"line":28,"column":27}},"2":{"start":{"line":29,"column":4},"end":{"line":29,"column":38}},"3":{"start":{"line":41,"column":4},"end":{"line":41,"column":31}},"4":{"start":{"line":50,"column":4},"end":{"line":50,"column":25}},"5":{"start":{"line":57,"column":4},"end":{"line":57,"column":47}}},"branchMap":{}},"contracts/generator/token/ERC20/PausableERC20.sol":{"l":{"25":67,"27":65,"28":65,"32":13,"36":7},"path":"/Volumes/HomeDev/drachma/token-manager-contract/contracts/generator/token/ERC20/PausableERC20.sol","s":{"1":67,"2":65,"3":65,"4":13,"5":7},"b":{"1":[65,2]},"f":{"1":67,"2":13,"3":7},"fnMap":{"1":{"name":"constructor","line":22,"loc":{"start":{"line":14,"column":2},"end":{"line":29,"column":2}}},"2":{"name":"pause","line":31,"loc":{"start":{"line":31,"column":2},"end":{"line":33,"column":2}}},"3":{"name":"unpause","line":35,"loc":{"start":{"line":35,"column":2},"end":{"line":37,"column":2}}}},"statementMap":{"1":{"start":{"line":25,"column":4},"end":{"line":25,"column":70}},"2":{"start":{"line":27,"column":4},"end":{"line":27,"column":27}},"3":{"start":{"line":28,"column":4},"end":{"line":28,"column":38}},"4":{"start":{"line":32,"column":4},"end":{"line":32,"column":11}},"5":{"start":{"line":36,"column":4},"end":{"line":36,"column":13}}},"branchMap":{"1":{"line":25,"type":"if","locations":[{"start":{"line":25,"column":4},"end":{"line":25,"column":4}},{"start":{"line":25,"column":4},"end":{"line":25,"column":4}}]}}},"contracts/generator/token/ERC20/PowerfulERC20.sol":{"l":{"31":141,"32":141,"44":157,"53":4,"60":218},"path":"/Volumes/HomeDev/drachma/token-manager-contract/contracts/generator/token/ERC20/PowerfulERC20.sol","s":{"1":141,"2":141,"3":157,"4":4,"5":218},"b":{},"f":{"1":141,"2":157,"3":4,"4":218},"fnMap":{"1":{"name":"constructor","line":28,"loc":{"start":{"line":18,"column":2},"end":{"line":33,"column":2}}},"2":{"name":"_mint","line":43,"loc":{"start":{"line":43,"column":2},"end":{"line":45,"column":2}}},"3":{"name":"_finishMinting","line":52,"loc":{"start":{"line":52,"column":2},"end":{"line":54,"column":2}}},"4":{"name":"_beforeTokenTransfer","line":59,"loc":{"start":{"line":59,"column":2},"end":{"line":61,"column":2}}}},"statementMap":{"1":{"start":{"line":31,"column":4},"end":{"line":31,"column":27}},"2":{"start":{"line":32,"column":4},"end":{"line":32,"column":38}},"3":{"start":{"line":44,"column":4},"end":{"line":44,"column":31}},"4":{"start":{"line":53,"column":4},"end":{"line":53,"column":25}},"5":{"start":{"line":60,"column":4},"end":{"line":60,"column":47}}},"branchMap":{}},"contracts/generator/token/ERC20/SimpleERC20.sol":{"l":{"25":48,"27":46},"path":"/Volumes/HomeDev/drachma/token-manager-contract/contracts/generator/token/ERC20/SimpleERC20.sol","s":{"1":48,"2":46},"b":{"1":[46,2]},"f":{"1":48},"fnMap":{"1":{"name":"constructor","line":22,"loc":{"start":{"line":15,"column":2},"end":{"line":28,"column":2}}}},"statementMap":{"1":{"start":{"line":25,"column":4},"end":{"line":25,"column":68}},"2":{"start":{"line":27,"column":4},"end":{"line":27,"column":38}}},"branchMap":{"1":{"line":25,"type":"if","locations":[{"start":{"line":25,"column":4},"end":{"line":25,"column":4}},{"start":{"line":25,"column":4},"end":{"line":25,"column":4}}]}}},"contracts/generator/token/ERC20/StandardERC20.sol":{"l":{"24":46,"26":44,"27":44},"path":"/Volumes/HomeDev/drachma/token-manager-contract/contracts/generator/token/ERC20/StandardERC20.sol","s":{"1":46,"2":44,"3":44},"b":{"1":[44,2]},"f":{"1":46},"fnMap":{"1":{"name":"constructor","line":21,"loc":{"start":{"line":13,"column":2},"end":{"line":28,"column":2}}}},"statementMap":{"1":{"start":{"line":24,"column":4},"end":{"line":24,"column":70}},"2":{"start":{"line":26,"column":4},"end":{"line":26,"column":27}},"3":{"start":{"line":27,"column":4},"end":{"line":27,"column":38}}},"branchMap":{"1":{"line":24,"type":"if","locations":[{"start":{"line":24,"column":4},"end":{"line":24,"column":4}},{"start":{"line":24,"column":4},"end":{"line":24,"column":4}}]}}},"contracts/generator/token/ERC20/UnlimitedERC20.sol":{"l":{"27":91,"28":91,"40":100,"49":4},"path":"/Volumes/HomeDev/drachma/token-manager-contract/contracts/generator/token/ERC20/UnlimitedERC20.sol","s":{"1":91,"2":91,"3":100,"4":4},"b":{},"f":{"1":91,"2":100,"3":4},"fnMap":{"1":{"name":"constructor","line":24,"loc":{"start":{"line":16,"column":2},"end":{"line":29,"column":2}}},"2":{"name":"_mint","line":39,"loc":{"start":{"line":39,"column":2},"end":{"line":41,"column":2}}},"3":{"name":"_finishMinting","line":48,"loc":{"start":{"line":48,"column":2},"end":{"line":50,"column":2}}}},"statementMap":{"1":{"start":{"line":27,"column":4},"end":{"line":27,"column":27}},"2":{"start":{"line":28,"column":4},"end":{"line":28,"column":38}},"3":{"start":{"line":40,"column":4},"end":{"line":40,"column":31}},"4":{"start":{"line":49,"column":4},"end":{"line":49,"column":25}}},"branchMap":{}},"contracts/generator/utils/GeneratorCopyright.sol":{"l":{"15":48,"23":1,"30":1},"path":"/Volumes/HomeDev/drachma/token-manager-contract/contracts/generator/utils/GeneratorCopyright.sol","s":{"1":48,"2":1,"3":1},"b":{},"f":{"1":48,"2":1,"3":1},"fnMap":{"1":{"name":"constructor","line":14,"loc":{"start":{"line":14,"column":2},"end":{"line":16,"column":2}}},"2":{"name":"generator","line":22,"loc":{"start":{"line":22,"column":2},"end":{"line":24,"column":2}}},"3":{"name":"version","line":29,"loc":{"start":{"line":29,"column":2},"end":{"line":31,"column":2}}}},"statementMap":{"1":{"start":{"line":15,"column":4},"end":{"line":15,"column":22}},"2":{"start":{"line":23,"column":4},"end":{"line":23,"column":21}},"3":{"start":{"line":30,"column":4},"end":{"line":30,"column":19}}},"branchMap":{}}}